<!DOCTYPE html>
<html>
<head>
<meta http-equiv="Content-Type" content="text/html; charset=utf-8"/>
<meta http-equiv="x-ua-compatible" content="IE=edge"/>
<title>Test results - Class Amazon search</title>
<link href="../css/base-style.css" rel="stylesheet" type="text/css"/>
<link href="../css/style.css" rel="stylesheet" type="text/css"/>
<script src="../js/report.js" type="text/javascript"></script>
</head>
<body>
<div id="content">
<h1>Class Amazon search</h1>
<div class="breadcrumbs">
<a href="../index.html">all</a> &gt; 
<a href="../packages/default-package.html">default-package</a> &gt; Amazon search</div>
<div id="summary">
<table>
<tr>
<td>
<div class="summaryGroup">
<table>
<tr>
<td>
<div class="infoBox" id="tests">
<div class="counter">2</div>
<p>tests</p>
</div>
</td>
<td>
<div class="infoBox" id="failures">
<div class="counter">1</div>
<p>failures</p>
</div>
</td>
<td>
<div class="infoBox" id="ignored">
<div class="counter">1</div>
<p>ignored</p>
</div>
</td>
<td>
<div class="infoBox" id="duration">
<div class="counter">14.250s</div>
<p>duration</p>
</div>
</td>
</tr>
</table>
</div>
</td>
<td>
<div class="infoBox failures" id="successRate">
<div class="percent">0%</div>
<p>successful</p>
</div>
</td>
</tr>
</table>
</div>
<div id="tabs">
<ul class="tabLinks">
<li>
<a href="#tab0">Failed tests</a>
</li>
<li>
<a href="#tab1">Tests</a>
</li>
<li>
<a href="#tab2">Standard error</a>
</li>
</ul>
<div id="tab0" class="tab">
<h2>Failed tests</h2>
<div class="test">
<a name="amazon_mobile_phone"></a>
<h3 class="failures">amazon_mobile_phone</h3>
<span class="code">
<pre>org.openqa.selenium.NoSuchSessionException: Tried to run command without establishing a connection
Build info: version: '3.141.0', revision: '2ecb7d9a', time: '2018-10-31T20:09:30'
System info: host: 'sergio-Alienware-17-R2', ip: '127.0.1.1', os.name: 'Linux', os.arch: 'amd64', os.version: '4.18.0-11-generic', java.version: '11.0.1'
Driver info: org.openqa.selenium.remote.RemoteWebDriver
Capabilities {acceptInsecureCerts: true, browserName: firefox, browserVersion: 63.0.3, javascriptEnabled: true, moz:accessibilityChecks: false, moz:geckodriverVersion: 0.23.0, moz:headless: false, moz:processID: 25959, moz:profile: /tmp/rust_mozprofile.QoQqgA..., moz:useNonSpecCompliantPointerOrigin: false, moz:webdriverClick: true, pageLoadStrategy: normal, platform: LINUX, platformName: LINUX, platformVersion: 4.18.0-11-generic, rotatable: false, setWindowRect: true, timeouts: {implicit: 0, pageLoad: 300000, script: 30000}, unhandledPromptBehavior: dismiss and notify}
Session ID: 7f9f2efc-0aec-41e4-8f68-820ba47fcac8
	at java.base/jdk.internal.reflect.NativeConstructorAccessorImpl.newInstance0(Native Method)
	at java.base/jdk.internal.reflect.NativeConstructorAccessorImpl.newInstance(NativeConstructorAccessorImpl.java:62)
	at java.base/jdk.internal.reflect.DelegatingConstructorAccessorImpl.newInstance(DelegatingConstructorAccessorImpl.java:45)
	at java.base/java.lang.reflect.Constructor.newInstance(Constructor.java:490)
	at org.openqa.selenium.remote.http.W3CHttpResponseCodec.createException(W3CHttpResponseCodec.java:187)
	at org.openqa.selenium.remote.http.W3CHttpResponseCodec.decode(W3CHttpResponseCodec.java:122)
	at org.openqa.selenium.remote.http.W3CHttpResponseCodec.decode(W3CHttpResponseCodec.java:49)
	at org.openqa.selenium.remote.HttpCommandExecutor.execute(HttpCommandExecutor.java:158)
	at org.openqa.selenium.remote.RemoteWebDriver.execute(RemoteWebDriver.java:552)
	at org.openqa.selenium.remote.RemoteWebDriver$RemoteWebDriverOptions$RemoteTimeouts.pageLoadTimeout(RemoteWebDriver.java:792)
	at net.thucydides.core.webdriver.TimeoutsFacade.pageLoadTimeout(TimeoutsFacade.java:38)
	at com.hfc.demo.pageObjects.AmazonHome.waitLoad(AmazonHome.java:23)
	at com.hfc.demo.serenitySteps.UserSteps.iAmInAmazonWebPage(UserSteps.java:15)
	at com.hfc.demo.serenitySteps.UserSteps$$EnhancerByCGLIB$$8c35ea6d.CGLIB$iAmInAmazonWebPage$0(&lt;generated&gt;)
	at com.hfc.demo.serenitySteps.UserSteps$$EnhancerByCGLIB$$8c35ea6d$$FastClassByCGLIB$$f820b5a2.invoke(&lt;generated&gt;)
	at net.sf.cglib.proxy.MethodProxy.invokeSuper(MethodProxy.java:228)
	at net.thucydides.core.steps.StepInterceptor.invokeMethod(StepInterceptor.java:464)
	at net.thucydides.core.steps.StepInterceptor.executeTestStepMethod(StepInterceptor.java:449)
	at net.thucydides.core.steps.StepInterceptor.runTestStep(StepInterceptor.java:424)
	at net.thucydides.core.steps.StepInterceptor.runOrSkipMethod(StepInterceptor.java:165)
	at net.thucydides.core.steps.StepInterceptor.testStepResult(StepInterceptor.java:152)
	at net.thucydides.core.steps.StepInterceptor.intercept(StepInterceptor.java:70)
	at com.hfc.demo.serenitySteps.UserSteps$$EnhancerByCGLIB$$8c35ea6d.iAmInAmazonWebPage(&lt;generated&gt;)
	at com.hfc.demo.stepDefinitions.GherkinDefinitions.iAmInAmazonWebPage(GherkinDefinitions.java:16)
	at ✽.I am in amazon webpage(src/test/resources/features/example.feature:8)
</pre>
</span>
<span class="code">
<pre>cucumber.runtime.junit.UndefinedThrowable: The step &quot;I look for xiamoi redmi note in the searchBox&quot; is undefined
</pre>
</span>
<span class="code">
<pre>cucumber.runtime.junit.UndefinedThrowable: The step &quot;I see a list of results&quot; is undefined
</pre>
</span>
<span class="code">
<pre>cucumber.runtime.junit.UndefinedThrowable: The step &quot;I want to see the second item&quot; is undefined
</pre>
</span>
<span class="code">
<pre>cucumber.runtime.junit.UndefinedThrowable: The step &quot;I want to add it to the shopping cart&quot; is undefined
</pre>
</span>
</div>
</div>
<div id="tab1" class="tab">
<h2>Tests</h2>
<table>
<thead>
<tr>
<th>Test</th>
<th>Duration</th>
<th>Result</th>
</tr>
</thead>
<tr>
<td class="failures">amazon_mobile_phone</td>
<td class="failures">4.785s</td>
<td class="failures">failed</td>
</tr>
<tr>
<td class="skipped">amazon_mobile_phone</td>
<td class="skipped">-</td>
<td class="skipped">ignored</td>
</tr>
</table>
</div>
<div id="tab2" class="tab">
<h2>Standard error</h2>
<span class="code">
<pre>Nov 28, 2018 3:16:41 AM org.openqa.selenium.remote.DesiredCapabilities firefox
INFO: Using `new FirefoxOptions()` is preferred to `DesiredCapabilities.firefox()`
Nov 28, 2018 3:16:41 AM org.openqa.selenium.remote.DesiredCapabilities firefox
INFO: Using `new FirefoxOptions()` is preferred to `DesiredCapabilities.firefox()`
1543371402075	mozrunner::runner	INFO	Running command: &quot;/usr/bin/firefox&quot; &quot;-marionette&quot; &quot;-foreground&quot; &quot;-no-remote&quot; &quot;-profile&quot; &quot;/tmp/rust_mozprofile.qzUsvRHvxEzP&quot;
1543371403589	Marionette	INFO	Listening on port 34885
1543371403685	Marionette	WARN	TLS certificate errors will be ignored for this session
Nov 28, 2018 3:16:43 AM org.openqa.selenium.remote.ProtocolHandshake createSession
INFO: Detected dialect: W3C
[Test worker] INFO net.thucydides.core.steps.ConsoleLoggingListener - TEST PENDING
[Test worker] INFO net.thucydides.core.steps.ConsoleLoggingListener - TEST PENDING
[Test worker] INFO net.thucydides.core.steps.ConsoleLoggingListener - TEST PENDING
[Test worker] INFO net.thucydides.core.steps.ConsoleLoggingListener - TEST PENDING
[Test worker] INFO net.thucydides.core.steps.ConsoleLoggingListener - TEST PENDING
1543371410505	Marionette	INFO	Stopped listening on port 34885
[Parent 25677, Gecko_IOThread] WARNING: pipe error (76): Conexión reinicializada por la máquina remota: file /build/firefox-4jpYyn/firefox-63.0.3+build1/ipc/chromium/src/chrome/common/ipc_channel_posix.cc, line 356
[Test worker] INFO net.thucydides.core.steps.ConsoleLoggingListener - 
          __  _____ _____ ____ _____   ____  _____ _   _ ____ ___ _   _  ____ 
 _       / / |_   _| ____/ ___|_   _| |  _ \| ____| \ | |  _ \_ _| \ | |/ ___|
(_)____ / /    | | |  _| \___ \ | |   | |_) |  _| |  \| | | | | ||  \| | |  _ 
 |_____/ /     | | | |___ ___) || |   |  __/| |___| |\  | |_| | || |\  | |_| |
(_)   /_/      |_| |_____|____/ |_|   |_|   |_____|_| \_|____/___|_| \_|\____|
                                                                                

TEST PENDING: Amazon mobile phone
---------------------------------------------------------------------------------
Nov 28, 2018 3:16:50 AM org.openqa.selenium.remote.DesiredCapabilities firefox
INFO: Using `new FirefoxOptions()` is preferred to `DesiredCapabilities.firefox()`
Nov 28, 2018 3:16:50 AM org.openqa.selenium.remote.DesiredCapabilities firefox
INFO: Using `new FirefoxOptions()` is preferred to `DesiredCapabilities.firefox()`
1543371410968	mozrunner::runner	INFO	Running command: &quot;/usr/bin/firefox&quot; &quot;-marionette&quot; &quot;-foreground&quot; &quot;-no-remote&quot; &quot;-profile&quot; &quot;/tmp/rust_mozprofile.QoQqgAUpPzS9&quot;
1543371412392	Marionette	INFO	Listening on port 40911
1543371412491	Marionette	WARN	TLS certificate errors will be ignored for this session
Nov 28, 2018 3:16:52 AM org.openqa.selenium.remote.ProtocolHandshake createSession
INFO: Detected dialect: W3C
JavaScript error: resource:///modules/FaviconLoader.jsm, line 411: NS_ERROR_ILLEGAL_VALUE
[Parent 25959, Gecko_IOThread] WARNING: pipe error (76): Conexión reinicializada por la máquina remota: file /build/firefox-4jpYyn/firefox-63.0.3+build1/ipc/chromium/src/chrome/common/ipc_channel_posix.cc, line 356
[Parent 25959, Gecko_IOThread] WARNING: pipe error (79): Conexión reinicializada por la máquina remota: file /build/firefox-4jpYyn/firefox-63.0.3+build1/ipc/chromium/src/chrome/common/ipc_channel_posix.cc, line 356
1543371414140	Marionette	INFO	Stopped listening on port 40911
[Test worker] INFO net.thucydides.core.steps.ConsoleLoggingListener - TEST PENDING
[Test worker] INFO net.thucydides.core.steps.ConsoleLoggingListener - TEST PENDING
[Test worker] INFO net.thucydides.core.steps.ConsoleLoggingListener - TEST PENDING
[Test worker] INFO net.thucydides.core.steps.ConsoleLoggingListener - TEST PENDING
[Test worker] WARN net.thucydides.core.webdriver.WebDriverFacade - Error while quitting the driver (Tried to run command without establishing a connection
Build info: version: '3.141.0', revision: '2ecb7d9a', time: '2018-10-31T20:09:30'
System info: host: 'sergio-Alienware-17-R2', ip: '127.0.1.1', os.name: 'Linux', os.arch: 'amd64', os.version: '4.18.0-11-generic', java.version: '11.0.1'
Driver info: org.openqa.selenium.remote.RemoteWebDriver
Capabilities {acceptInsecureCerts: true, browserName: firefox, browserVersion: 63.0.3, javascriptEnabled: true, moz:accessibilityChecks: false, moz:geckodriverVersion: 0.23.0, moz:headless: false, moz:processID: 25959, moz:profile: /tmp/rust_mozprofile.QoQqgA..., moz:useNonSpecCompliantPointerOrigin: false, moz:webdriverClick: true, pageLoadStrategy: normal, platform: LINUX, platformName: LINUX, platformVersion: 4.18.0-11-generic, rotatable: false, setWindowRect: true, timeouts: {implicit: 0, pageLoad: 300000, script: 30000}, unhandledPromptBehavior: dismiss and notify}
Session ID: 7f9f2efc-0aec-41e4-8f68-820ba47fcac8)
[Test worker] ERROR net.thucydides.core.steps.ConsoleLoggingListener - 
           __  _____ _____ ____ _____   _____ _    ___ _     _____ ____  
  _       / / |_   _| ____/ ___|_   _| |  ___/ \  |_ _| |   | ____|  _ \ 
 (_)_____| |    | | |  _| \___ \ | |   | |_ / _ \  | || |   |  _| | | | |
  _|_____| |    | | | |___ ___) || |   |  _/ ___ \ | || |___| |___| |_| |
 (_)     | |    |_| |_____|____/ |_|   |_|/_/   \_\___|_____|_____|____/ 
          \_\                                                            

TEST FAILED WITH ERROR: Amazon mobile phone
---------------------------------------------------------------------
[Test worker] ERROR net.thucydides.core.steps.ConsoleLoggingListener - TEST FAILED AT STEP I am in amazon web page
[Test worker] ERROR net.thucydides.core.steps.ConsoleLoggingListener - Tried to run command without establishing a connection
</pre>
</span>
</div>
</div>
<div id="footer">
<p>
<div>
<label class="hidden" id="label-for-line-wrapping-toggle" for="line-wrapping-toggle">Wrap lines
<input id="line-wrapping-toggle" type="checkbox" autocomplete="off"/>
</label>
</div>Generated by 
<a href="http://www.gradle.org">Gradle 4.8</a> at Nov 28, 2018, 3:16:55 AM</p>
</div>
</div>
</body>
</html>
